<?xml version="1.0" encoding="UTF-8"?>
<testsuite xmlns:xsi="http://www.w3.org/2001/XMLSchema-instance" xsi:noNamespaceSchemaLocation="https://maven.apache.org/surefire/maven-surefire-plugin/xsd/surefire-test-report.xsd" name="ie.gmit.PassengerTest" time="0.023" tests="5" errors="0" skipped="0" failures="0">
  <properties>
[...]
</properties>
  <testcase name="testConstructorTitleFail" classname="ie.gmit.PassengerTest" time="0.015"/>
  <testcase name="testConstructorPhoneFail" classname="ie.gmit.PassengerTest" time="0.001"/>
  <testcase name="testConstructorIDFail" classname="ie.gmit.PassengerTest" time="0.001"/>
  <testcase name="testConstructorAgeFail" classname="ie.gmit.PassengerTest" time="0.001"/>
  <testcase name="testConstructorNameFail" classname="ie.gmit.PassengerTest" time="0.001"/>
</testsuite>